<?xml version="1.0" encoding="UTF-8"?>
<testsuite xmlns:xsi="http://www.w3.org/2001/XMLSchema-instance" xsi:noNamespaceSchemaLocation="https://maven.apache.org/surefire/maven-surefire-plugin/xsd/surefire-test-report-3.0.xsd" version="3.0" name="TestSuite" time="5.841" tests="1" errors="0" skipped="0" failures="0">
  <properties>
    <property name="java.specification.version" value="18"/>
    <property name="sun.cpu.isalist" value="amd64"/>
    <property name="sun.jnu.encoding" value="GBK"/>
    <property name="java.class.path" value="D:\code_workspace\JavaProject\target\test-classes;D:\code_workspace\JavaProject\target\classes;D:\installsoftware\apache-maven-3.8.5-bin\maven-localrep\org\seleniumhq\selenium\selenium-java\4.0.0-beta-3\selenium-java-4.0.0-beta-3.jar;D:\installsoftware\apache-maven-3.8.5-bin\maven-localrep\org\seleniumhq\selenium\selenium-api\4.0.0-beta-3\selenium-api-4.0.0-beta-3.jar;D:\installsoftware\apache-maven-3.8.5-bin\maven-localrep\org\seleniumhq\selenium\selenium-chrome-driver\4.0.0-beta-3\selenium-chrome-driver-4.0.0-beta-3.jar;D:\installsoftware\apache-maven-3.8.5-bin\maven-localrep\com\google\auto\service\auto-service-annotations\1.0-rc7\auto-service-annotations-1.0-rc7.jar;D:\installsoftware\apache-maven-3.8.5-bin\maven-localrep\com\google\auto\service\auto-service\1.0-rc7\auto-service-1.0-rc7.jar;D:\installsoftware\apache-maven-3.8.5-bin\maven-localrep\com\google\auto\auto-common\0.10\auto-common-0.10.jar;D:\installsoftware\apache-maven-3.8.5-bin\maven-localrep\com\google\guava\guava\30.1-jre\guava-30.1-jre.jar;D:\installsoftware\apache-maven-3.8.5-bin\maven-localrep\com\google\guava\failureaccess\1.0.1\failureaccess-1.0.1.jar;D:\installsoftware\apache-maven-3.8.5-bin\maven-localrep\com\google\guava\listenablefuture\9999.0-empty-to-avoid-conflict-with-guava\listenablefuture-9999.0-empty-to-avoid-conflict-with-guava.jar;D:\installsoftware\apache-maven-3.8.5-bin\maven-localrep\com\google\code\findbugs\jsr305\3.0.2\jsr305-3.0.2.jar;D:\installsoftware\apache-maven-3.8.5-bin\maven-localrep\org\checkerframework\checker-qual\3.5.0\checker-qual-3.5.0.jar;D:\installsoftware\apache-maven-3.8.5-bin\maven-localrep\com\google\errorprone\error_prone_annotations\2.3.4\error_prone_annotations-2.3.4.jar;D:\installsoftware\apache-maven-3.8.5-bin\maven-localrep\com\google\j2objc\j2objc-annotations\1.3\j2objc-annotations-1.3.jar;D:\installsoftware\apache-maven-3.8.5-bin\maven-localrep\org\seleniumhq\selenium\selenium-chromium-driver\4.0.0-beta-3\selenium-chromium-driver-4.0.0-beta-3.jar;D:\installsoftware\apache-maven-3.8.5-bin\maven-localrep\org\seleniumhq\selenium\selenium-devtools\4.0.0-beta-3\selenium-devtools-4.0.0-beta-3.jar;D:\installsoftware\apache-maven-3.8.5-bin\maven-localrep\org\seleniumhq\selenium\selenium-http\4.0.0-beta-3\selenium-http-4.0.0-beta-3.jar;D:\installsoftware\apache-maven-3.8.5-bin\maven-localrep\org\seleniumhq\selenium\selenium-json\4.0.0-beta-3\selenium-json-4.0.0-beta-3.jar;D:\installsoftware\apache-maven-3.8.5-bin\maven-localrep\org\seleniumhq\selenium\selenium-devtools-v85\4.0.0-beta-3\selenium-devtools-v85-4.0.0-beta-3.jar;D:\installsoftware\apache-maven-3.8.5-bin\maven-localrep\org\seleniumhq\selenium\selenium-devtools-v88\4.0.0-beta-3\selenium-devtools-v88-4.0.0-beta-3.jar;D:\installsoftware\apache-maven-3.8.5-bin\maven-localrep\org\seleniumhq\selenium\selenium-devtools-v89\4.0.0-beta-3\selenium-devtools-v89-4.0.0-beta-3.jar;D:\installsoftware\apache-maven-3.8.5-bin\maven-localrep\org\seleniumhq\selenium\selenium-devtools-v90\4.0.0-beta-3\selenium-devtools-v90-4.0.0-beta-3.jar;D:\installsoftware\apache-maven-3.8.5-bin\maven-localrep\org\seleniumhq\selenium\selenium-devtools-v91\4.0.0-beta-3\selenium-devtools-v91-4.0.0-beta-3.jar;D:\installsoftware\apache-maven-3.8.5-bin\maven-localrep\org\seleniumhq\selenium\selenium-edge-driver\4.0.0-beta-3\selenium-edge-driver-4.0.0-beta-3.jar;D:\installsoftware\apache-maven-3.8.5-bin\maven-localrep\org\seleniumhq\selenium\selenium-firefox-driver\4.0.0-beta-3\selenium-firefox-driver-4.0.0-beta-3.jar;D:\installsoftware\apache-maven-3.8.5-bin\maven-localrep\org\seleniumhq\selenium\selenium-firefox-xpi-driver\4.0.0-beta-3\selenium-firefox-xpi-driver-4.0.0-beta-3.jar;D:\installsoftware\apache-maven-3.8.5-bin\maven-localrep\org\seleniumhq\selenium\selenium-ie-driver\4.0.0-beta-3\selenium-ie-driver-4.0.0-beta-3.jar;D:\installsoftware\apache-maven-3.8.5-bin\maven-localrep\org\seleniumhq\selenium\selenium-opera-driver\4.0.0-beta-3\selenium-opera-driver-4.0.0-beta-3.jar;D:\installsoftware\apache-maven-3.8.5-bin\maven-localrep\org\seleniumhq\selenium\selenium-remote-driver\4.0.0-beta-3\selenium-remote-driver-4.0.0-beta-3.jar;D:\installsoftware\apache-maven-3.8.5-bin\maven-localrep\io\netty\netty-buffer\4.1.58.Final\netty-buffer-4.1.58.Final.jar;D:\installsoftware\apache-maven-3.8.5-bin\maven-localrep\io\netty\netty-codec-http\4.1.58.Final\netty-codec-http-4.1.58.Final.jar;D:\installsoftware\apache-maven-3.8.5-bin\maven-localrep\io\netty\netty-codec\4.1.58.Final\netty-codec-4.1.58.Final.jar;D:\installsoftware\apache-maven-3.8.5-bin\maven-localrep\io\netty\netty-handler\4.1.58.Final\netty-handler-4.1.58.Final.jar;D:\installsoftware\apache-maven-3.8.5-bin\maven-localrep\io\netty\netty-common\4.1.58.Final\netty-common-4.1.58.Final.jar;D:\installsoftware\apache-maven-3.8.5-bin\maven-localrep\io\netty\netty-transport-native-epoll\4.1.58.Final\netty-transport-native-epoll-4.1.58.Final.jar;D:\installsoftware\apache-maven-3.8.5-bin\maven-localrep\io\netty\netty-transport-native-kqueue\4.1.58.Final\netty-transport-native-kqueue-4.1.58.Final.jar;D:\installsoftware\apache-maven-3.8.5-bin\maven-localrep\io\netty\netty-transport-native-unix-common\4.1.58.Final\netty-transport-native-unix-common-4.1.58.Final.jar;D:\installsoftware\apache-maven-3.8.5-bin\maven-localrep\io\netty\netty-transport\4.1.58.Final\netty-transport-4.1.58.Final.jar;D:\installsoftware\apache-maven-3.8.5-bin\maven-localrep\io\netty\netty-resolver\4.1.58.Final\netty-resolver-4.1.58.Final.jar;D:\installsoftware\apache-maven-3.8.5-bin\maven-localrep\io\opentelemetry\opentelemetry-api\1.0.0\opentelemetry-api-1.0.0.jar;D:\installsoftware\apache-maven-3.8.5-bin\maven-localrep\io\opentelemetry\opentelemetry-context\1.0.0\opentelemetry-context-1.0.0.jar;D:\installsoftware\apache-maven-3.8.5-bin\maven-localrep\io\opentelemetry\opentelemetry-exporter-logging\1.0.0\opentelemetry-exporter-logging-1.0.0.jar;D:\installsoftware\apache-maven-3.8.5-bin\maven-localrep\io\opentelemetry\opentelemetry-sdk-metrics\1.0.0-alpha\opentelemetry-sdk-metrics-1.0.0-alpha.jar;D:\installsoftware\apache-maven-3.8.5-bin\maven-localrep\io\opentelemetry\opentelemetry-sdk-common\1.0.0\opentelemetry-sdk-common-1.0.0.jar;D:\installsoftware\apache-maven-3.8.5-bin\maven-localrep\io\opentelemetry\opentelemetry-sdk-extension-autoconfigure\1.0.0-alpha\opentelemetry-sdk-extension-autoconfigure-1.0.0-alpha.jar;D:\installsoftware\apache-maven-3.8.5-bin\maven-localrep\io\opentelemetry\opentelemetry-sdk-trace\1.0.0\opentelemetry-sdk-trace-1.0.0.jar;D:\installsoftware\apache-maven-3.8.5-bin\maven-localrep\io\opentelemetry\opentelemetry-api-metrics\1.0.0-alpha\opentelemetry-api-metrics-1.0.0-alpha.jar;D:\installsoftware\apache-maven-3.8.5-bin\maven-localrep\io\opentelemetry\opentelemetry-sdk\1.0.0\opentelemetry-sdk-1.0.0.jar;D:\installsoftware\apache-maven-3.8.5-bin\maven-localrep\io\opentelemetry\opentelemetry-semconv\1.0.0-alpha\opentelemetry-semconv-1.0.0-alpha.jar;D:\installsoftware\apache-maven-3.8.5-bin\maven-localrep\net\bytebuddy\byte-buddy\1.10.19\byte-buddy-1.10.19.jar;D:\installsoftware\apache-maven-3.8.5-bin\maven-localrep\org\apache\commons\commons-exec\1.3\commons-exec-1.3.jar;D:\installsoftware\apache-maven-3.8.5-bin\maven-localrep\org\asynchttpclient\async-http-client\2.12.2\async-http-client-2.12.2.jar;D:\installsoftware\apache-maven-3.8.5-bin\maven-localrep\org\asynchttpclient\async-http-client-netty-utils\2.12.2\async-http-client-netty-utils-2.12.2.jar;D:\installsoftware\apache-maven-3.8.5-bin\maven-localrep\io\netty\netty-codec-socks\4.1.53.Final\netty-codec-socks-4.1.53.Final.jar;D:\installsoftware\apache-maven-3.8.5-bin\maven-localrep\io\netty\netty-handler-proxy\4.1.53.Final\netty-handler-proxy-4.1.53.Final.jar;D:\installsoftware\apache-maven-3.8.5-bin\maven-localrep\io\netty\netty-transport-native-epoll\4.1.53.Final\netty-transport-native-epoll-4.1.53.Final-linux-x86_64.jar;D:\installsoftware\apache-maven-3.8.5-bin\maven-localrep\io\netty\netty-transport-native-kqueue\4.1.53.Final\netty-transport-native-kqueue-4.1.53.Final-osx-x86_64.jar;D:\installsoftware\apache-maven-3.8.5-bin\maven-localrep\org\reactivestreams\reactive-streams\1.0.3\reactive-streams-1.0.3.jar;D:\installsoftware\apache-maven-3.8.5-bin\maven-localrep\com\typesafe\netty\netty-reactive-streams\2.0.4\netty-reactive-streams-2.0.4.jar;D:\installsoftware\apache-maven-3.8.5-bin\maven-localrep\com\sun\activation\jakarta.activation\1.2.2\jakarta.activation-1.2.2.jar;D:\installsoftware\apache-maven-3.8.5-bin\maven-localrep\org\seleniumhq\selenium\selenium-safari-driver\4.0.0-beta-3\selenium-safari-driver-4.0.0-beta-3.jar;D:\installsoftware\apache-maven-3.8.5-bin\maven-localrep\org\seleniumhq\selenium\selenium-support\4.0.0-beta-3\selenium-support-4.0.0-beta-3.jar;D:\installsoftware\apache-maven-3.8.5-bin\maven-localrep\org\testng\testng\7.4.0\testng-7.4.0.jar;D:\installsoftware\apache-maven-3.8.5-bin\maven-localrep\com\beust\jcommander\1.78\jcommander-1.78.jar;D:\installsoftware\apache-maven-3.8.5-bin\maven-localrep\org\webjars\jquery\3.5.1\jquery-3.5.1.jar;D:\installsoftware\apache-maven-3.8.5-bin\maven-localrep\ru\yandex\qatools\ashot\ashot\1.5.4\ashot-1.5.4.jar;D:\installsoftware\apache-maven-3.8.5-bin\maven-localrep\commons-io\commons-io\2.5\commons-io-2.5.jar;D:\installsoftware\apache-maven-3.8.5-bin\maven-localrep\com\google\code\gson\gson\2.6.2\gson-2.6.2.jar;D:\installsoftware\apache-maven-3.8.5-bin\maven-localrep\org\hamcrest\hamcrest-core\1.3\hamcrest-core-1.3.jar;D:\installsoftware\apache-maven-3.8.5-bin\maven-localrep\io\qameta\allure\allure-testng\2.13.9\allure-testng-2.13.9.jar;D:\installsoftware\apache-maven-3.8.5-bin\maven-localrep\io\qameta\allure\allure-java-commons\2.13.9\allure-java-commons-2.13.9.jar;D:\installsoftware\apache-maven-3.8.5-bin\maven-localrep\io\qameta\allure\allure-model\2.13.9\allure-model-2.13.9.jar;D:\installsoftware\apache-maven-3.8.5-bin\maven-localrep\org\slf4j\slf4j-api\1.7.30\slf4j-api-1.7.30.jar;D:\installsoftware\apache-maven-3.8.5-bin\maven-localrep\com\fasterxml\jackson\core\jackson-databind\2.12.2\jackson-databind-2.12.2.jar;D:\installsoftware\apache-maven-3.8.5-bin\maven-localrep\com\fasterxml\jackson\core\jackson-annotations\2.12.2\jackson-annotations-2.12.2.jar;D:\installsoftware\apache-maven-3.8.5-bin\maven-localrep\com\fasterxml\jackson\core\jackson-core\2.12.2\jackson-core-2.12.2.jar;D:\installsoftware\apache-maven-3.8.5-bin\maven-localrep\org\apache\tika\tika-core\1.25\tika-core-1.25.jar;D:\installsoftware\apache-maven-3.8.5-bin\maven-localrep\org\jooq\joor-java-8\0.9.13\joor-java-8-0.9.13.jar;D:\installsoftware\apache-maven-3.8.5-bin\maven-localrep\io\qameta\allure\allure-test-filter\2.13.9\allure-test-filter-2.13.9.jar;D:\installsoftware\apache-maven-3.8.5-bin\maven-localrep\org\apache\logging\log4j\log4j-core\2.14.1\log4j-core-2.14.1.jar;D:\installsoftware\apache-maven-3.8.5-bin\maven-localrep\org\apache\logging\log4j\log4j-api\2.14.1\log4j-api-2.14.1.jar;"/>
    <property name="java.vm.vendor" value="Oracle Corporation"/>
    <property name="sun.arch.data.model" value="64"/>
    <property name="user.variant" value=""/>
    <property name="java.vendor.url" value="https://java.oracle.com/"/>
    <property name="user.timezone" value="Asia/Shanghai"/>
    <property name="os.name" value="Windows 10"/>
    <property name="java.vm.specification.version" value="18"/>
    <property name="sun.java.launcher" value="SUN_STANDARD"/>
    <property name="user.country" value="CN"/>
    <property name="sun.boot.library.path" value="D:\installsoftware\Java\jdk-18\bin"/>
    <property name="sun.java.command" value="C:\Users\Administrator\AppData\Local\Temp\surefire12310951419429389150\surefirebooter17665942500564244745.jar C:\Users\Administrator\AppData\Local\Temp\surefire12310951419429389150 2022-06-21T23-10-54_626-jvmRun1 surefire12057275529689010337tmp surefire_09902439228533406136tmp"/>
    <property name="jdk.debug" value="release"/>
    <property name="surefire.test.class.path" value="D:\code_workspace\JavaProject\target\test-classes;D:\code_workspace\JavaProject\target\classes;D:\installsoftware\apache-maven-3.8.5-bin\maven-localrep\org\seleniumhq\selenium\selenium-java\4.0.0-beta-3\selenium-java-4.0.0-beta-3.jar;D:\installsoftware\apache-maven-3.8.5-bin\maven-localrep\org\seleniumhq\selenium\selenium-api\4.0.0-beta-3\selenium-api-4.0.0-beta-3.jar;D:\installsoftware\apache-maven-3.8.5-bin\maven-localrep\org\seleniumhq\selenium\selenium-chrome-driver\4.0.0-beta-3\selenium-chrome-driver-4.0.0-beta-3.jar;D:\installsoftware\apache-maven-3.8.5-bin\maven-localrep\com\google\auto\service\auto-service-annotations\1.0-rc7\auto-service-annotations-1.0-rc7.jar;D:\installsoftware\apache-maven-3.8.5-bin\maven-localrep\com\google\auto\service\auto-service\1.0-rc7\auto-service-1.0-rc7.jar;D:\installsoftware\apache-maven-3.8.5-bin\maven-localrep\com\google\auto\auto-common\0.10\auto-common-0.10.jar;D:\installsoftware\apache-maven-3.8.5-bin\maven-localrep\com\google\guava\guava\30.1-jre\guava-30.1-jre.jar;D:\installsoftware\apache-maven-3.8.5-bin\maven-localrep\com\google\guava\failureaccess\1.0.1\failureaccess-1.0.1.jar;D:\installsoftware\apache-maven-3.8.5-bin\maven-localrep\com\google\guava\listenablefuture\9999.0-empty-to-avoid-conflict-with-guava\listenablefuture-9999.0-empty-to-avoid-conflict-with-guava.jar;D:\installsoftware\apache-maven-3.8.5-bin\maven-localrep\com\google\code\findbugs\jsr305\3.0.2\jsr305-3.0.2.jar;D:\installsoftware\apache-maven-3.8.5-bin\maven-localrep\org\checkerframework\checker-qual\3.5.0\checker-qual-3.5.0.jar;D:\installsoftware\apache-maven-3.8.5-bin\maven-localrep\com\google\errorprone\error_prone_annotations\2.3.4\error_prone_annotations-2.3.4.jar;D:\installsoftware\apache-maven-3.8.5-bin\maven-localrep\com\google\j2objc\j2objc-annotations\1.3\j2objc-annotations-1.3.jar;D:\installsoftware\apache-maven-3.8.5-bin\maven-localrep\org\seleniumhq\selenium\selenium-chromium-driver\4.0.0-beta-3\selenium-chromium-driver-4.0.0-beta-3.jar;D:\installsoftware\apache-maven-3.8.5-bin\maven-localrep\org\seleniumhq\selenium\selenium-devtools\4.0.0-beta-3\selenium-devtools-4.0.0-beta-3.jar;D:\installsoftware\apache-maven-3.8.5-bin\maven-localrep\org\seleniumhq\selenium\selenium-http\4.0.0-beta-3\selenium-http-4.0.0-beta-3.jar;D:\installsoftware\apache-maven-3.8.5-bin\maven-localrep\org\seleniumhq\selenium\selenium-json\4.0.0-beta-3\selenium-json-4.0.0-beta-3.jar;D:\installsoftware\apache-maven-3.8.5-bin\maven-localrep\org\seleniumhq\selenium\selenium-devtools-v85\4.0.0-beta-3\selenium-devtools-v85-4.0.0-beta-3.jar;D:\installsoftware\apache-maven-3.8.5-bin\maven-localrep\org\seleniumhq\selenium\selenium-devtools-v88\4.0.0-beta-3\selenium-devtools-v88-4.0.0-beta-3.jar;D:\installsoftware\apache-maven-3.8.5-bin\maven-localrep\org\seleniumhq\selenium\selenium-devtools-v89\4.0.0-beta-3\selenium-devtools-v89-4.0.0-beta-3.jar;D:\installsoftware\apache-maven-3.8.5-bin\maven-localrep\org\seleniumhq\selenium\selenium-devtools-v90\4.0.0-beta-3\selenium-devtools-v90-4.0.0-beta-3.jar;D:\installsoftware\apache-maven-3.8.5-bin\maven-localrep\org\seleniumhq\selenium\selenium-devtools-v91\4.0.0-beta-3\selenium-devtools-v91-4.0.0-beta-3.jar;D:\installsoftware\apache-maven-3.8.5-bin\maven-localrep\org\seleniumhq\selenium\selenium-edge-driver\4.0.0-beta-3\selenium-edge-driver-4.0.0-beta-3.jar;D:\installsoftware\apache-maven-3.8.5-bin\maven-localrep\org\seleniumhq\selenium\selenium-firefox-driver\4.0.0-beta-3\selenium-firefox-driver-4.0.0-beta-3.jar;D:\installsoftware\apache-maven-3.8.5-bin\maven-localrep\org\seleniumhq\selenium\selenium-firefox-xpi-driver\4.0.0-beta-3\selenium-firefox-xpi-driver-4.0.0-beta-3.jar;D:\installsoftware\apache-maven-3.8.5-bin\maven-localrep\org\seleniumhq\selenium\selenium-ie-driver\4.0.0-beta-3\selenium-ie-driver-4.0.0-beta-3.jar;D:\installsoftware\apache-maven-3.8.5-bin\maven-localrep\org\seleniumhq\selenium\selenium-opera-driver\4.0.0-beta-3\selenium-opera-driver-4.0.0-beta-3.jar;D:\installsoftware\apache-maven-3.8.5-bin\maven-localrep\org\seleniumhq\selenium\selenium-remote-driver\4.0.0-beta-3\selenium-remote-driver-4.0.0-beta-3.jar;D:\installsoftware\apache-maven-3.8.5-bin\maven-localrep\io\netty\netty-buffer\4.1.58.Final\netty-buffer-4.1.58.Final.jar;D:\installsoftware\apache-maven-3.8.5-bin\maven-localrep\io\netty\netty-codec-http\4.1.58.Final\netty-codec-http-4.1.58.Final.jar;D:\installsoftware\apache-maven-3.8.5-bin\maven-localrep\io\netty\netty-codec\4.1.58.Final\netty-codec-4.1.58.Final.jar;D:\installsoftware\apache-maven-3.8.5-bin\maven-localrep\io\netty\netty-handler\4.1.58.Final\netty-handler-4.1.58.Final.jar;D:\installsoftware\apache-maven-3.8.5-bin\maven-localrep\io\netty\netty-common\4.1.58.Final\netty-common-4.1.58.Final.jar;D:\installsoftware\apache-maven-3.8.5-bin\maven-localrep\io\netty\netty-transport-native-epoll\4.1.58.Final\netty-transport-native-epoll-4.1.58.Final.jar;D:\installsoftware\apache-maven-3.8.5-bin\maven-localrep\io\netty\netty-transport-native-kqueue\4.1.58.Final\netty-transport-native-kqueue-4.1.58.Final.jar;D:\installsoftware\apache-maven-3.8.5-bin\maven-localrep\io\netty\netty-transport-native-unix-common\4.1.58.Final\netty-transport-native-unix-common-4.1.58.Final.jar;D:\installsoftware\apache-maven-3.8.5-bin\maven-localrep\io\netty\netty-transport\4.1.58.Final\netty-transport-4.1.58.Final.jar;D:\installsoftware\apache-maven-3.8.5-bin\maven-localrep\io\netty\netty-resolver\4.1.58.Final\netty-resolver-4.1.58.Final.jar;D:\installsoftware\apache-maven-3.8.5-bin\maven-localrep\io\opentelemetry\opentelemetry-api\1.0.0\opentelemetry-api-1.0.0.jar;D:\installsoftware\apache-maven-3.8.5-bin\maven-localrep\io\opentelemetry\opentelemetry-context\1.0.0\opentelemetry-context-1.0.0.jar;D:\installsoftware\apache-maven-3.8.5-bin\maven-localrep\io\opentelemetry\opentelemetry-exporter-logging\1.0.0\opentelemetry-exporter-logging-1.0.0.jar;D:\installsoftware\apache-maven-3.8.5-bin\maven-localrep\io\opentelemetry\opentelemetry-sdk-metrics\1.0.0-alpha\opentelemetry-sdk-metrics-1.0.0-alpha.jar;D:\installsoftware\apache-maven-3.8.5-bin\maven-localrep\io\opentelemetry\opentelemetry-sdk-common\1.0.0\opentelemetry-sdk-common-1.0.0.jar;D:\installsoftware\apache-maven-3.8.5-bin\maven-localrep\io\opentelemetry\opentelemetry-sdk-extension-autoconfigure\1.0.0-alpha\opentelemetry-sdk-extension-autoconfigure-1.0.0-alpha.jar;D:\installsoftware\apache-maven-3.8.5-bin\maven-localrep\io\opentelemetry\opentelemetry-sdk-trace\1.0.0\opentelemetry-sdk-trace-1.0.0.jar;D:\installsoftware\apache-maven-3.8.5-bin\maven-localrep\io\opentelemetry\opentelemetry-api-metrics\1.0.0-alpha\opentelemetry-api-metrics-1.0.0-alpha.jar;D:\installsoftware\apache-maven-3.8.5-bin\maven-localrep\io\opentelemetry\opentelemetry-sdk\1.0.0\opentelemetry-sdk-1.0.0.jar;D:\installsoftware\apache-maven-3.8.5-bin\maven-localrep\io\opentelemetry\opentelemetry-semconv\1.0.0-alpha\opentelemetry-semconv-1.0.0-alpha.jar;D:\installsoftware\apache-maven-3.8.5-bin\maven-localrep\net\bytebuddy\byte-buddy\1.10.19\byte-buddy-1.10.19.jar;D:\installsoftware\apache-maven-3.8.5-bin\maven-localrep\org\apache\commons\commons-exec\1.3\commons-exec-1.3.jar;D:\installsoftware\apache-maven-3.8.5-bin\maven-localrep\org\asynchttpclient\async-http-client\2.12.2\async-http-client-2.12.2.jar;D:\installsoftware\apache-maven-3.8.5-bin\maven-localrep\org\asynchttpclient\async-http-client-netty-utils\2.12.2\async-http-client-netty-utils-2.12.2.jar;D:\installsoftware\apache-maven-3.8.5-bin\maven-localrep\io\netty\netty-codec-socks\4.1.53.Final\netty-codec-socks-4.1.53.Final.jar;D:\installsoftware\apache-maven-3.8.5-bin\maven-localrep\io\netty\netty-handler-proxy\4.1.53.Final\netty-handler-proxy-4.1.53.Final.jar;D:\installsoftware\apache-maven-3.8.5-bin\maven-localrep\io\netty\netty-transport-native-epoll\4.1.53.Final\netty-transport-native-epoll-4.1.53.Final-linux-x86_64.jar;D:\installsoftware\apache-maven-3.8.5-bin\maven-localrep\io\netty\netty-transport-native-kqueue\4.1.53.Final\netty-transport-native-kqueue-4.1.53.Final-osx-x86_64.jar;D:\installsoftware\apache-maven-3.8.5-bin\maven-localrep\org\reactivestreams\reactive-streams\1.0.3\reactive-streams-1.0.3.jar;D:\installsoftware\apache-maven-3.8.5-bin\maven-localrep\com\typesafe\netty\netty-reactive-streams\2.0.4\netty-reactive-streams-2.0.4.jar;D:\installsoftware\apache-maven-3.8.5-bin\maven-localrep\com\sun\activation\jakarta.activation\1.2.2\jakarta.activation-1.2.2.jar;D:\installsoftware\apache-maven-3.8.5-bin\maven-localrep\org\seleniumhq\selenium\selenium-safari-driver\4.0.0-beta-3\selenium-safari-driver-4.0.0-beta-3.jar;D:\installsoftware\apache-maven-3.8.5-bin\maven-localrep\org\seleniumhq\selenium\selenium-support\4.0.0-beta-3\selenium-support-4.0.0-beta-3.jar;D:\installsoftware\apache-maven-3.8.5-bin\maven-localrep\org\testng\testng\7.4.0\testng-7.4.0.jar;D:\installsoftware\apache-maven-3.8.5-bin\maven-localrep\com\beust\jcommander\1.78\jcommander-1.78.jar;D:\installsoftware\apache-maven-3.8.5-bin\maven-localrep\org\webjars\jquery\3.5.1\jquery-3.5.1.jar;D:\installsoftware\apache-maven-3.8.5-bin\maven-localrep\ru\yandex\qatools\ashot\ashot\1.5.4\ashot-1.5.4.jar;D:\installsoftware\apache-maven-3.8.5-bin\maven-localrep\commons-io\commons-io\2.5\commons-io-2.5.jar;D:\installsoftware\apache-maven-3.8.5-bin\maven-localrep\com\google\code\gson\gson\2.6.2\gson-2.6.2.jar;D:\installsoftware\apache-maven-3.8.5-bin\maven-localrep\org\hamcrest\hamcrest-core\1.3\hamcrest-core-1.3.jar;D:\installsoftware\apache-maven-3.8.5-bin\maven-localrep\io\qameta\allure\allure-testng\2.13.9\allure-testng-2.13.9.jar;D:\installsoftware\apache-maven-3.8.5-bin\maven-localrep\io\qameta\allure\allure-java-commons\2.13.9\allure-java-commons-2.13.9.jar;D:\installsoftware\apache-maven-3.8.5-bin\maven-localrep\io\qameta\allure\allure-model\2.13.9\allure-model-2.13.9.jar;D:\installsoftware\apache-maven-3.8.5-bin\maven-localrep\org\slf4j\slf4j-api\1.7.30\slf4j-api-1.7.30.jar;D:\installsoftware\apache-maven-3.8.5-bin\maven-localrep\com\fasterxml\jackson\core\jackson-databind\2.12.2\jackson-databind-2.12.2.jar;D:\installsoftware\apache-maven-3.8.5-bin\maven-localrep\com\fasterxml\jackson\core\jackson-annotations\2.12.2\jackson-annotations-2.12.2.jar;D:\installsoftware\apache-maven-3.8.5-bin\maven-localrep\com\fasterxml\jackson\core\jackson-core\2.12.2\jackson-core-2.12.2.jar;D:\installsoftware\apache-maven-3.8.5-bin\maven-localrep\org\apache\tika\tika-core\1.25\tika-core-1.25.jar;D:\installsoftware\apache-maven-3.8.5-bin\maven-localrep\org\jooq\joor-java-8\0.9.13\joor-java-8-0.9.13.jar;D:\installsoftware\apache-maven-3.8.5-bin\maven-localrep\io\qameta\allure\allure-test-filter\2.13.9\allure-test-filter-2.13.9.jar;D:\installsoftware\apache-maven-3.8.5-bin\maven-localrep\org\apache\logging\log4j\log4j-core\2.14.1\log4j-core-2.14.1.jar;D:\installsoftware\apache-maven-3.8.5-bin\maven-localrep\org\apache\logging\log4j\log4j-api\2.14.1\log4j-api-2.14.1.jar;"/>
    <property name="sun.cpu.endian" value="little"/>
    <property name="user.home" value="C:\Users\Administrator"/>
    <property name="user.language" value="zh"/>
    <property name="java.specification.vendor" value="Oracle Corporation"/>
    <property name="java.version.date" value="2022-03-22"/>
    <property name="java.home" value="D:\installsoftware\Java\jdk-18"/>
    <property name="file.separator" value="\"/>
    <property name="basedir" value="D:\code_workspace\JavaProject"/>
    <property name="java.vm.compressedOopsMode" value="32-bit"/>
    <property name="line.separator" value="&#10;"/>
    <property name="java.vm.specification.vendor" value="Oracle Corporation"/>
    <property name="java.specification.name" value="Java Platform API Specification"/>
    <property name="surefire.real.class.path" value="C:\Users\Administrator\AppData\Local\Temp\surefire12310951419429389150\surefirebooter17665942500564244745.jar"/>
    <property name="user.script" value=""/>
    <property name="sun.management.compiler" value="HotSpot 64-Bit Tiered Compilers"/>
    <property name="java.runtime.version" value="18+36-2087"/>
    <property name="user.name" value="Administrator"/>
    <property name="path.separator" value=";"/>
    <property name="os.version" value="10.0"/>
    <property name="java.runtime.name" value="Java(TM) SE Runtime Environment"/>
    <property name="file.encoding" value="UTF-8"/>
    <property name="java.vm.name" value="Java HotSpot(TM) 64-Bit Server VM"/>
    <property name="localRepository" value="D:\installsoftware\apache-maven-3.8.5-bin\maven-localrep"/>
    <property name="java.vendor.url.bug" value="https://bugreport.java.com/bugreport/"/>
    <property name="java.io.tmpdir" value="C:\Users\ADMINI~1\AppData\Local\Temp\"/>
    <property name="java.version" value="18"/>
    <property name="user.dir" value="D:\code_workspace\JavaProject"/>
    <property name="os.arch" value="amd64"/>
    <property name="java.vm.specification.name" value="Java Virtual Machine Specification"/>
    <property name="sun.os.patch.level" value=""/>
    <property name="native.encoding" value="GBK"/>
    <property name="java.library.path" value="D:\installsoftware\Java\jdk-18\bin;C:\Windows\Sun\Java\bin;C:\Windows\system32;C:\Windows;C:\Program Files\Common Files\Oracle\Java\javapath;C:\Windows\system32;C:\Windows;C:\Windows\System32\Wbem;C:\Windows\System32\WindowsPowerShell\v1.0\;C:\Windows\System32\OpenSSH\;D:\installsoftware\python39;D:\installsoftware\python39\Scripts;D:\installsoftware\webdriver;C:\Program Files (x86)\MySQL\MySQL Utilities 1.3.5\;D:\installsoftware\Redis-x64-3.2.100;D:\installsoftware\python39\Lib\site-packages\qt5_applications\Qt\bin;D:\installsoftware\Java\jdk-18\bin;D:\installsoftware\Java\jdk-18\jre\bin;D:\installsoftware\apache-maven-3.8.5-bin\apache-maven-3.8.5\bin\;D:\installsoftware\Git\cmd;D:\installsoftware\allure-commandline-2.18.1\allure-2.18.1\bin;C:\Users\Administrator\AppData\Local\Microsoft\WindowsApps;;D:\installsoftware\fiddler;."/>
    <property name="java.vm.info" value="mixed mode, sharing"/>
    <property name="java.vendor" value="Oracle Corporation"/>
    <property name="java.vm.version" value="18+36-2087"/>
    <property name="sun.io.unicode.encoding" value="UnicodeLittle"/>
    <property name="java.class.version" value="62.0"/>
  </properties>
  <testcase name="failedTest" classname="AllureDemo" time="0.398">
    <system-err><![CDATA[SLF4J: Failed to load class "org.slf4j.impl.StaticLoggerBinder".
SLF4J: Defaulting to no-operation (NOP) logger implementation
SLF4J: See http://www.slf4j.org/codes.html#StaticLoggerBinder for further details.
]]></system-err>
  </testcase>
</testsuite>