<?xml version="1.0" encoding="UTF-8"?>
<!-- Generated by org.testng.reporters.JUnitReportReporter -->
<testsuite hostname="MS-JGVGTXKNEVXV" failures="0" tests="1" name="AllureDemo" time="0.706" errors="0" timestamp="2022-06-21T23:11:04 CST" skipped="0">
  <testcase classname="AllureDemo" name="failedTest" time="0.706"/>
  <system-out/>
</testsuite> <!-- AllureDemo -->
